01:09:22: Searching for RST module
01:09:22: Setting RST module position: (41750000, -6000000)
01:09:22: Searching for Y1 module
01:09:22: Setting Y1 module position: (31600000, -680000)
01:09:22: Searching for C7 module
01:09:22: Setting C7 module position: (16970000, -8150000)
01:09:22: Searching for R3 module
01:09:22: Setting R3 module position: (16960000, 9370000)
01:09:22: Searching for C8 module
01:09:22: Setting C8 module position: (21290000, -9740000)
01:09:22: Searching for C6 module
01:09:22: Setting C6 module position: (11580000, -3700000)
01:09:22: Searching for C3 module
01:09:22: Setting C3 module position: (11580000, 4240000)
01:09:22: Searching for C1 module
01:09:22: Setting C1 module position: (34010000, 1690000)
01:09:22: Searching for R4 module
01:09:22: Setting R4 module position: (32010000, -5390000)
01:09:22: Searching for C4 module
01:09:22: Setting C4 module position: (21290000, -8150000)
01:09:22: Searching for R2 module
01:09:22: Setting R2 module position: (19550000, -12270000)
01:09:22: Searching for C5 module
01:09:22: Setting C5 module position: (24200000, 9370000)
01:09:22: Searching for C2 module
01:09:22: Setting C2 module position: (33650000, -2780000)
01:09:22: Searching for R1 module
01:09:22: Setting R1 module position: (17850000, -12280000)
01:09:22: Searching for J1 module
01:09:22: Setting J1 module position: (18750000, -27275000)
01:09:22: Searching for U1 module
01:09:22: Setting U1 module position: (20980000, 250000)
01:09:22: Searching for U2 module
01:09:22: Setting U2 module position: (18700000, -18375000)
01:09:22: Cloning track from template: VCC:2 -> VCC:92
01:09:22: Cloning track from template: VCC:2 -> VCC:92
01:09:22: Cloning track from template: VCC:2 -> VCC:92
01:09:22: Cloning track from template: VCC:2 -> VCC:92
01:09:22: Cloning track from template: VCC:2 -> VCC:92
01:09:22: Cloning track from template: VCC:2 -> VCC:92
01:09:22: Cloning track from template: VCC:2 -> VCC:92
01:09:22: Cloning track from template: VCC:2 -> VCC:92
01:09:22: Cloning track from template: VCC:2 -> VCC:92
01:09:22: Cloning track from template: VCC:2 -> VCC:92
01:09:22: Cloning track from template: VCC:2 -> VCC:92
01:09:22: Cloning track from template: VCC:2 -> VCC:92
01:09:22: Cloning track from template: VCC:2 -> VCC:92
01:09:22: Cloning track from template: VCC:2 -> VCC:92
01:09:22: Cloning track from template: VCC:2 -> VCC:92
01:09:22: Cloning track from template: VCC:2 -> VCC:92
01:09:22: Cloning track from template: VCC:2 -> VCC:92
01:09:22: Cloning track from template: VCC:2 -> VCC:92
01:09:22: Cloning track from template: VCC:2 -> VCC:92
01:09:22: Cloning track from template: VCC:2 -> VCC:92
01:09:22: Cloning track from template: VCC:2 -> VCC:92
01:09:22: Cloning track from template: VCC:2 -> VCC:92
01:09:22: Cloning track from template: VCC:2 -> VCC:92
01:09:22: Cloning track from template: VCC:2 -> VCC:92
01:09:22: Cloning track from template: VCC:2 -> VCC:92
01:09:22: Cloning track from template: VCC:2 -> VCC:92
01:09:22: Cloning track from template: VCC:2 -> VCC:92
01:09:22: Cloning track from template: VCC:2 -> VCC:92
01:09:22: Cloning track from template: VCC:2 -> VCC:92
01:09:22: Cloning track from template: VCC:2 -> VCC:92
01:09:22: Cloning track from template: VCC:2 -> VCC:92
01:09:22: Cloning track from template: VCC:2 -> VCC:92
01:09:22: Cloning track from template: VCC:2 -> VCC:92
01:09:22: Cloning track from template: VCC:2 -> VCC:92
01:09:22: Cloning track from template: VCC:2 -> VCC:92
01:09:22: Cloning track from template: VCC:2 -> VCC:92
01:09:22: Cloning track from template: VCC:2 -> VCC:92
01:09:22: Cloning track from template: VCC:2 -> VCC:92
01:09:22: Cloning track from template: VCC:2 -> VCC:92
01:09:22: Cloning track from template: VCC:2 -> VCC:92
01:09:22: Cloning track from template: VCC:2 -> VCC:92
01:09:22: Cloning track from template: VCC:2 -> VCC:92
01:09:22: Cloning track from template: VCC:2 -> VCC:92
01:09:22: Cloning track from template: mcu/XTAL1:3 -> mcu/XTAL1:96
01:09:22: Cloning track from template: mcu/XTAL1:3 -> mcu/XTAL1:96
01:09:22: Cloning track from template: mcu/XTAL1:3 -> mcu/XTAL1:96
01:09:22: Cloning track from template: mcu/XTAL1:3 -> mcu/XTAL1:96
01:09:22: Cloning track from template: mcu/XTAL1:3 -> mcu/XTAL1:96
01:09:22: Cloning track from template: mcu/XTAL1:3 -> mcu/XTAL1:96
01:09:22: Cloning track from template: mcu/XTAL2:4 -> mcu/XTAL2:97
01:09:22: Cloning track from template: mcu/XTAL2:4 -> mcu/XTAL2:97
01:09:22: Cloning track from template: mcu/XTAL2:4 -> mcu/XTAL2:97
01:09:22: Cloning track from template: mcu/XTAL2:4 -> mcu/XTAL2:97
01:09:22: Cloning track from template: mcu/XTAL2:4 -> mcu/XTAL2:97
01:09:22: Cloning track from template: mcu/XTAL2:4 -> mcu/XTAL2:97
01:09:22: Cloning track from template: mcu/UCAP:5 -> mcu/UCAP:95
01:09:22: Cloning track from template: mcu/UCAP:5 -> mcu/UCAP:95
01:09:22: Cloning track from template: mcu/UCAP:5 -> mcu/UCAP:95
01:09:22: Cloning track from template: mcu/UCAP:5 -> mcu/UCAP:95
01:09:22: Cloning track from template: mcu/UCAP:5 -> mcu/UCAP:95
01:09:22: Cloning track from template: usb/D+:6 -> usb/D+:102
01:09:22: Cloning track from template: usb/D+:6 -> usb/D+:102
01:09:22: Cloning track from template: usb/D+:6 -> usb/D+:102
01:09:22: Cloning track from template: usb/D+:6 -> usb/D+:102
01:09:22: Cloning track from template: usb/D+:6 -> usb/D+:102
01:09:22: Cloning track from template: usb/D+:6 -> usb/D+:102
01:09:22: Cloning track from template: usb/D-:7 -> usb/D-:103
01:09:22: Cloning track from template: usb/D-:7 -> usb/D-:103
01:09:22: Cloning track from template: usb/D-:7 -> usb/D-:103
01:09:22: Cloning track from template: usb/D-:7 -> usb/D-:103
01:09:22: Cloning track from template: usb/D-:7 -> usb/D-:103
01:09:22: Cloning track from template: usb/D-:7 -> usb/D-:103
01:09:22: Cloning track from template: usb/D-:7 -> usb/D-:103
01:09:22: Cloning track from template: mcu/D-:8 -> mcu/D-:94
01:09:22: Cloning track from template: mcu/D-:8 -> mcu/D-:94
01:09:22: Cloning track from template: mcu/D+:9 -> mcu/D+:93
01:09:22: Cloning track from template: mcu/D+:9 -> mcu/D+:93
01:09:22: Cloning track from template: mcu/D+:9 -> mcu/D+:93
01:09:22: Cloning track from template: mcu/D+:9 -> mcu/D+:93
01:09:22: Cloning track from template: mcu/~HWB~/PE2:10 -> mcu/~HWB~/PE2:98
01:09:22: Cloning track from template: mcu/~HWB~/PE2:10 -> mcu/~HWB~/PE2:98
01:09:22: Cloning track from template: mcu/~RESET:11 -> mcu/~RESET:99
01:09:22: Cloning track from template: mcu/~RESET:11 -> mcu/~RESET:99
01:09:22: Cloning track from template: mcu/~RESET:11 -> mcu/~RESET:99
01:09:22: Cloning track from template: mcu/~RESET:11 -> mcu/~RESET:99
01:09:22: Cloning track from template: mcu/~RESET:11 -> mcu/~RESET:99
01:09:22: Cloning track from template: mcu/~RESET:11 -> mcu/~RESET:99
01:09:22: Cloning track from template: mcu/~RESET:11 -> mcu/~RESET:99
01:09:22: Cloning track from template: mcu/~RESET:11 -> mcu/~RESET:99
01:09:22: Cloning track from template: mcu/~RESET:11 -> mcu/~RESET:99
01:09:22: Cloning track from template: u2/D-:12 -> u2/D-:101
01:09:22: Cloning track from template: u2/D-:12 -> u2/D-:101
01:09:22: Cloning track from template: u2/D+:13 -> u2/D+:100
01:09:22: Cloning track from template: u2/D+:13 -> u2/D+:100
01:09:22: User layout: {'meta': {'author': '', 'backcolor': '#eeeeee', 'background': {'name': '', 'style': ''}, 'name': '', 'notes': '', 'radii': '', 'switchBrand': '', 'switchMount': '', 'switchType': ''}, 'keys': [{'color': '#cccccc', 'labels': ['0,0'], 'textColor': [], 'textSize': [], 'default': {'textColor': '#000000', 'textSize': 3}, 'x': 0, 'y': 0, 'width': 1, 'height': 1, 'x2': 0, 'y2': 0, 'width2': 1, 'height2': 1, 'rotation_x': 0, 'rotation_y': 0, 'rotation_angle': 0, 'decal': False, 'ghost': False, 'stepped': False, 'nub': False, 'profile': '', 'sm': '', 'sb': '', 'st': ''}, {'color': '#cccccc', 'labels': ['0,1'], 'textColor': [], 'textSize': [], 'default': {'textColor': '#000000', 'textSize': 3}, 'x': 1, 'y': 0, 'width': 1, 'height': 1, 'x2': 0, 'y2': 0, 'width2': 1, 'height2': 1, 'rotation_x': 0, 'rotation_y': 0, 'rotation_angle': 0, 'decal': False, 'ghost': False, 'stepped': False, 'nub': False, 'profile': '', 'sm': '', 'sb': '', 'st': ''}, {'color': '#cccccc', 'labels': ['0,2'], 'textColor': [], 'textSize': [], 'default': {'textColor': '#000000', 'textSize': 3}, 'x': 2, 'y': 0, 'width': 1, 'height': 1, 'x2': 0, 'y2': 0, 'width2': 1, 'height2': 1, 'rotation_x': 0, 'rotation_y': 0, 'rotation_angle': 0, 'decal': False, 'ghost': False, 'stepped': False, 'nub': False, 'profile': '', 'sm': '', 'sb': '', 'st': ''}, {'color': '#cccccc', 'labels': ['0,3'], 'textColor': [], 'textSize': [], 'default': {'textColor': '#000000', 'textSize': 3}, 'x': 3, 'y': 0, 'width': 1, 'height': 1, 'x2': 0, 'y2': 0, 'width2': 1, 'height2': 1, 'rotation_x': 0, 'rotation_y': 0, 'rotation_angle': 0, 'decal': False, 'ghost': False, 'stepped': False, 'nub': False, 'profile': '', 'sm': '', 'sb': '', 'st': ''}, {'color': '#cccccc', 'labels': ['0,4'], 'textColor': [], 'textSize': [], 'default': {'textColor': '#000000', 'textSize': 3}, 'x': 4, 'y': 0, 'width': 1, 'height': 1, 'x2': 0, 'y2': 0, 'width2': 1, 'height2': 1, 'rotation_x': 0, 'rotation_y': 0, 'rotation_angle': 0, 'decal': False, 'ghost': False, 'stepped': False, 'nub': False, 'profile': '', 'sm': '', 'sb': '', 'st': ''}, {'color': '#cccccc', 'labels': ['0,5'], 'textColor': [], 'textSize': [], 'default': {'textColor': '#000000', 'textSize': 3}, 'x': 5, 'y': 0, 'width': 1, 'height': 1, 'x2': 0, 'y2': 0, 'width2': 1, 'height2': 1, 'rotation_x': 0, 'rotation_y': 0, 'rotation_angle': 0, 'decal': False, 'ghost': False, 'stepped': False, 'nub': False, 'profile': '', 'sm': '', 'sb': '', 'st': ''}, {'color': '#cccccc', 'labels': ['0,6'], 'textColor': [], 'textSize': [], 'default': {'textColor': '#000000', 'textSize': 3}, 'x': 6, 'y': 0, 'width': 1, 'height': 1, 'x2': 0, 'y2': 0, 'width2': 1, 'height2': 1, 'rotation_x': 0, 'rotation_y': 0, 'rotation_angle': 0, 'decal': False, 'ghost': False, 'stepped': False, 'nub': False, 'profile': '', 'sm': '', 'sb': '', 'st': ''}, {'color': '#cccccc', 'labels': ['0,7'], 'textColor': [], 'textSize': [], 'default': {'textColor': '#000000', 'textSize': 3}, 'x': 7, 'y': 0, 'width': 1, 'height': 1, 'x2': 0, 'y2': 0, 'width2': 1, 'height2': 1, 'rotation_x': 0, 'rotation_y': 0, 'rotation_angle': 0, 'decal': False, 'ghost': False, 'stepped': False, 'nub': False, 'profile': '', 'sm': '', 'sb': '', 'st': ''}, {'color': '#cccccc', 'labels': ['0,8'], 'textColor': [], 'textSize': [], 'default': {'textColor': '#000000', 'textSize': 3}, 'x': 8, 'y': 0, 'width': 1, 'height': 1, 'x2': 0, 'y2': 0, 'width2': 1, 'height2': 1, 'rotation_x': 0, 'rotation_y': 0, 'rotation_angle': 0, 'decal': False, 'ghost': False, 'stepped': False, 'nub': False, 'profile': '', 'sm': '', 'sb': '', 'st': ''}, {'color': '#cccccc', 'labels': ['0,9'], 'textColor': [], 'textSize': [], 'default': {'textColor': '#000000', 'textSize': 3}, 'x': 9, 'y': 0, 'width': 1, 'height': 1, 'x2': 0, 'y2': 0, 'width2': 1, 'height2': 1, 'rotation_x': 0, 'rotation_y': 0, 'rotation_angle': 0, 'decal': False, 'ghost': False, 'stepped': False, 'nub': False, 'profile': '', 'sm': '', 'sb': '', 'st': ''}, {'color': '#cccccc', 'labels': ['0,10'], 'textColor': [], 'textSize': [], 'default': {'textColor': '#000000', 'textSize': 3}, 'x': 10, 'y': 0, 'width': 1, 'height': 1, 'x2': 0, 'y2': 0, 'width2': 1, 'height2': 1, 'rotation_x': 0, 'rotation_y': 0, 'rotation_angle': 0, 'decal': False, 'ghost': False, 'stepped': False, 'nub': False, 'profile': '', 'sm': '', 'sb': '', 'st': ''}, {'color': '#cccccc', 'labels': ['0,11'], 'textColor': [], 'textSize': [], 'default': {'textColor': '#000000', 'textSize': 3}, 'x': 11, 'y': 0, 'width': 1, 'height': 1, 'x2': 0, 'y2': 0, 'width2': 1, 'height2': 1, 'rotation_x': 0, 'rotation_y': 0, 'rotation_angle': 0, 'decal': False, 'ghost': False, 'stepped': False, 'nub': False, 'profile': '', 'sm': '', 'sb': '', 'st': ''}, {'color': '#cccccc', 'labels': ['0,12'], 'textColor': [], 'textSize': [], 'default': {'textColor': '#000000', 'textSize': 3}, 'x': 12, 'y': 0, 'width': 1, 'height': 1, 'x2': 0, 'y2': 0, 'width2': 1, 'height2': 1, 'rotation_x': 0, 'rotation_y': 0, 'rotation_angle': 0, 'decal': False, 'ghost': False, 'stepped': False, 'nub': False, 'profile': '', 'sm': '', 'sb': '', 'st': ''}, {'color': '#cccccc', 'labels': ['0,14'], 'textColor': [], 'textSize': [], 'default': {'textColor': '#000000', 'textSize': 3}, 'x': 13, 'y': 0, 'width': 2, 'height': 1, 'x2': 0, 'y2': 0, 'width2': 2, 'height2': 1, 'rotation_x': 0, 'rotation_y': 0, 'rotation_angle': 0, 'decal': False, 'ghost': False, 'stepped': False, 'nub': False, 'profile': '', 'sm': '', 'sb': '', 'st': ''}, {'color': '#cccccc', 'labels': ['0,16'], 'textColor': [], 'textSize': [], 'default': {'textColor': '#000000', 'textSize': 3}, 'x': 15.5, 'y': 0, 'width': 1, 'height': 1, 'x2': 0, 'y2': 0, 'width2': 1, 'height2': 1, 'rotation_x': 0, 'rotation_y': 0, 'rotation_angle': 0, 'decal': False, 'ghost': False, 'stepped': False, 'nub': False, 'profile': '', 'sm': '', 'sb': '', 'st': ''}, {'color': '#cccccc', 'labels': ['1,0'], 'textColor': [], 'textSize': [], 'default': {'textColor': '#000000', 'textSize': 3}, 'x': 0, 'y': 1, 'width': 1.5, 'height': 1, 'x2': 0, 'y2': 0, 'width2': 1.5, 'height2': 1, 'rotation_x': 0, 'rotation_y': 0, 'rotation_angle': 0, 'decal': False, 'ghost': False, 'stepped': False, 'nub': False, 'profile': '', 'sm': '', 'sb': '', 'st': ''}, {'color': '#cccccc', 'labels': ['1,2'], 'textColor': [], 'textSize': [], 'default': {'textColor': '#000000', 'textSize': 3}, 'x': 1.5, 'y': 1, 'width': 1, 'height': 1, 'x2': 0, 'y2': 0, 'width2': 1, 'height2': 1, 'rotation_x': 0, 'rotation_y': 0, 'rotation_angle': 0, 'decal': False, 'ghost': False, 'stepped': False, 'nub': False, 'profile': '', 'sm': '', 'sb': '', 'st': ''}, {'color': '#cccccc', 'labels': ['1,3'], 'textColor': [], 'textSize': [], 'default': {'textColor': '#000000', 'textSize': 3}, 'x': 2.5, 'y': 1, 'width': 1, 'height': 1, 'x2': 0, 'y2': 0, 'width2': 1, 'height2': 1, 'rotation_x': 0, 'rotation_y': 0, 'rotation_angle': 0, 'decal': False, 'ghost': False, 'stepped': False, 'nub': False, 'profile': '', 'sm': '', 'sb': '', 'st': ''}, {'color': '#cccccc', 'labels': ['1,4'], 'textColor': [], 'textSize': [], 'default': {'textColor': '#000000', 'textSize': 3}, 'x': 3.5, 'y': 1, 'width': 1, 'height': 1, 'x2': 0, 'y2': 0, 'width2': 1, 'height2': 1, 'rotation_x': 0, 'rotation_y': 0, 'rotation_angle': 0, 'decal': False, 'ghost': False, 'stepped': False, 'nub': False, 'profile': '', 'sm': '', 'sb': '', 'st': ''}, {'color': '#cccccc', 'labels': ['1,5'], 'textColor': [], 'textSize': [], 'default': {'textColor': '#000000', 'textSize': 3}, 'x': 4.5, 'y': 1, 'width': 1, 'height': 1, 'x2': 0, 'y2': 0, 'width2': 1, 'height2': 1, 'rotation_x': 0, 'rotation_y': 0, 'rotation_angle': 0, 'decal': False, 'ghost': False, 'stepped': False, 'nub': False, 'profile': '', 'sm': '', 'sb': '', 'st': ''}, {'color': '#cccccc', 'labels': ['1,6'], 'textColor': [], 'textSize': [], 'default': {'textColor': '#000000', 'textSize': 3}, 'x': 5.5, 'y': 1, 'width': 1, 'height': 1, 'x2': 0, 'y2': 0, 'width2': 1, 'height2': 1, 'rotation_x': 0, 'rotation_y': 0, 'rotation_angle': 0, 'decal': False, 'ghost': False, 'stepped': False, 'nub': False, 'profile': '', 'sm': '', 'sb': '', 'st': ''}, {'color': '#cccccc', 'labels': ['1,7'], 'textColor': [], 'textSize': [], 'default': {'textColor': '#000000', 'textSize': 3}, 'x': 6.5, 'y': 1, 'width': 1, 'height': 1, 'x2': 0, 'y2': 0, 'width2': 1, 'height2': 1, 'rotation_x': 0, 'rotation_y': 0, 'rotation_angle': 0, 'decal': False, 'ghost': False, 'stepped': False, 'nub': False, 'profile': '', 'sm': '', 'sb': '', 'st': ''}, {'color': '#cccccc', 'labels': ['1,8'], 'textColor': [], 'textSize': [], 'default': {'textColor': '#000000', 'textSize': 3}, 'x': 7.5, 'y': 1, 'width': 1, 'height': 1, 'x2': 0, 'y2': 0, 'width2': 1, 'height2': 1, 'rotation_x': 0, 'rotation_y': 0, 'rotation_angle': 0, 'decal': False, 'ghost': False, 'stepped': False, 'nub': False, 'profile': '', 'sm': '', 'sb': '', 'st': ''}, {'color': '#cccccc', 'labels': ['1,9'], 'textColor': [], 'textSize': [], 'default': {'textColor': '#000000', 'textSize': 3}, 'x': 8.5, 'y': 1, 'width': 1, 'height': 1, 'x2': 0, 'y2': 0, 'width2': 1, 'height2': 1, 'rotation_x': 0, 'rotation_y': 0, 'rotation_angle': 0, 'decal': False, 'ghost': False, 'stepped': False, 'nub': False, 'profile': '', 'sm': '', 'sb': '', 'st': ''}, {'color': '#cccccc', 'labels': ['1,10'], 'textColor': [], 'textSize': [], 'default': {'textColor': '#000000', 'textSize': 3}, 'x': 9.5, 'y': 1, 'width': 1, 'height': 1, 'x2': 0, 'y2': 0, 'width2': 1, 'height2': 1, 'rotation_x': 0, 'rotation_y': 0, 'rotation_angle': 0, 'decal': False, 'ghost': False, 'stepped': False, 'nub': False, 'profile': '', 'sm': '', 'sb': '', 'st': ''}, {'color': '#cccccc', 'labels': ['1,11'], 'textColor': [], 'textSize': [], 'default': {'textColor': '#000000', 'textSize': 3}, 'x': 10.5, 'y': 1, 'width': 1, 'height': 1, 'x2': 0, 'y2': 0, 'width2': 1, 'height2': 1, 'rotation_x': 0, 'rotation_y': 0, 'rotation_angle': 0, 'decal': False, 'ghost': False, 'stepped': False, 'nub': False, 'profile': '', 'sm': '', 'sb': '', 'st': ''}, {'color': '#cccccc', 'labels': ['1,12'], 'textColor': [], 'textSize': [], 'default': {'textColor': '#000000', 'textSize': 3}, 'x': 11.5, 'y': 1, 'width': 1, 'height': 1, 'x2': 0, 'y2': 0, 'width2': 1, 'height2': 1, 'rotation_x': 0, 'rotation_y': 0, 'rotation_angle': 0, 'decal': False, 'ghost': False, 'stepped': False, 'nub': False, 'profile': '', 'sm': '', 'sb': '', 'st': ''}, {'color': '#cccccc', 'labels': ['1,13'], 'textColor': [], 'textSize': [], 'default': {'textColor': '#000000', 'textSize': 3}, 'x': 12.5, 'y': 1, 'width': 1, 'height': 1, 'x2': 0, 'y2': 0, 'width2': 1, 'height2': 1, 'rotation_x': 0, 'rotation_y': 0, 'rotation_angle': 0, 'decal': False, 'ghost': False, 'stepped': False, 'nub': False, 'profile': '', 'sm': '', 'sb': '', 'st': ''}, {'color': '#cccccc', 'labels': ['1,14'], 'textColor': [], 'textSize': [], 'default': {'textColor': '#000000', 'textSize': 3}, 'x': 13.5, 'y': 1, 'width': 1.5, 'height': 1, 'x2': 0, 'y2': 0, 'width2': 1.5, 'height2': 1, 'rotation_x': 0, 'rotation_y': 0, 'rotation_angle': 0, 'decal': False, 'ghost': False, 'stepped': False, 'nub': False, 'profile': '', 'sm': '', 'sb': '', 'st': ''}, {'color': '#cccccc', 'labels': ['1,16'], 'textColor': [], 'textSize': [], 'default': {'textColor': '#000000', 'textSize': 3}, 'x': 15.5, 'y': 1, 'width': 1, 'height': 1, 'x2': 0, 'y2': 0, 'width2': 1, 'height2': 1, 'rotation_x': 0, 'rotation_y': 0, 'rotation_angle': 0, 'decal': False, 'ghost': False, 'stepped': False, 'nub': False, 'profile': '', 'sm': '', 'sb': '', 'st': ''}, {'color': '#cccccc', 'labels': ['2,0'], 'textColor': [], 'textSize': [], 'default': {'textColor': '#000000', 'textSize': 3}, 'x': 0, 'y': 2, 'width': 1.75, 'height': 1, 'x2': 0, 'y2': 0, 'width2': 1.75, 'height2': 1, 'rotation_x': 0, 'rotation_y': 0, 'rotation_angle': 0, 'decal': False, 'ghost': False, 'stepped': False, 'nub': False, 'profile': '', 'sm': '', 'sb': '', 'st': ''}, {'color': '#cccccc', 'labels': ['2,2'], 'textColor': [], 'textSize': [], 'default': {'textColor': '#000000', 'textSize': 3}, 'x': 1.75, 'y': 2, 'width': 1, 'height': 1, 'x2': 0, 'y2': 0, 'width2': 1, 'height2': 1, 'rotation_x': 0, 'rotation_y': 0, 'rotation_angle': 0, 'decal': False, 'ghost': False, 'stepped': False, 'nub': False, 'profile': '', 'sm': '', 'sb': '', 'st': ''}, {'color': '#cccccc', 'labels': ['2,3'], 'textColor': [], 'textSize': [], 'default': {'textColor': '#000000', 'textSize': 3}, 'x': 2.75, 'y': 2, 'width': 1, 'height': 1, 'x2': 0, 'y2': 0, 'width2': 1, 'height2': 1, 'rotation_x': 0, 'rotation_y': 0, 'rotation_angle': 0, 'decal': False, 'ghost': False, 'stepped': False, 'nub': False, 'profile': '', 'sm': '', 'sb': '', 'st': ''}, {'color': '#cccccc', 'labels': ['2,4'], 'textColor': [], 'textSize': [], 'default': {'textColor': '#000000', 'textSize': 3}, 'x': 3.75, 'y': 2, 'width': 1, 'height': 1, 'x2': 0, 'y2': 0, 'width2': 1, 'height2': 1, 'rotation_x': 0, 'rotation_y': 0, 'rotation_angle': 0, 'decal': False, 'ghost': False, 'stepped': False, 'nub': False, 'profile': '', 'sm': '', 'sb': '', 'st': ''}, {'color': '#cccccc', 'labels': ['2,5'], 'textColor': [], 'textSize': [], 'default': {'textColor': '#000000', 'textSize': 3}, 'x': 4.75, 'y': 2, 'width': 1, 'height': 1, 'x2': 0, 'y2': 0, 'width2': 1, 'height2': 1, 'rotation_x': 0, 'rotation_y': 0, 'rotation_angle': 0, 'decal': False, 'ghost': False, 'stepped': False, 'nub': False, 'profile': '', 'sm': '', 'sb': '', 'st': ''}, {'color': '#cccccc', 'labels': ['2,6'], 'textColor': [], 'textSize': [], 'default': {'textColor': '#000000', 'textSize': 3}, 'x': 5.75, 'y': 2, 'width': 1, 'height': 1, 'x2': 0, 'y2': 0, 'width2': 1, 'height2': 1, 'rotation_x': 0, 'rotation_y': 0, 'rotation_angle': 0, 'decal': False, 'ghost': False, 'stepped': False, 'nub': False, 'profile': '', 'sm': '', 'sb': '', 'st': ''}, {'color': '#cccccc', 'labels': ['2,7'], 'textColor': [], 'textSize': [], 'default': {'textColor': '#000000', 'textSize': 3}, 'x': 6.75, 'y': 2, 'width': 1, 'height': 1, 'x2': 0, 'y2': 0, 'width2': 1, 'height2': 1, 'rotation_x': 0, 'rotation_y': 0, 'rotation_angle': 0, 'decal': False, 'ghost': False, 'stepped': False, 'nub': False, 'profile': '', 'sm': '', 'sb': '', 'st': ''}, {'color': '#cccccc', 'labels': ['2,8'], 'textColor': [], 'textSize': [], 'default': {'textColor': '#000000', 'textSize': 3}, 'x': 7.75, 'y': 2, 'width': 1, 'height': 1, 'x2': 0, 'y2': 0, 'width2': 1, 'height2': 1, 'rotation_x': 0, 'rotation_y': 0, 'rotation_angle': 0, 'decal': False, 'ghost': False, 'stepped': False, 'nub': False, 'profile': '', 'sm': '', 'sb': '', 'st': ''}, {'color': '#cccccc', 'labels': ['2,9'], 'textColor': [], 'textSize': [], 'default': {'textColor': '#000000', 'textSize': 3}, 'x': 8.75, 'y': 2, 'width': 1, 'height': 1, 'x2': 0, 'y2': 0, 'width2': 1, 'height2': 1, 'rotation_x': 0, 'rotation_y': 0, 'rotation_angle': 0, 'decal': False, 'ghost': False, 'stepped': False, 'nub': False, 'profile': '', 'sm': '', 'sb': '', 'st': ''}, {'color': '#cccccc', 'labels': ['2,10'], 'textColor': [], 'textSize': [], 'default': {'textColor': '#000000', 'textSize': 3}, 'x': 9.75, 'y': 2, 'width': 1, 'height': 1, 'x2': 0, 'y2': 0, 'width2': 1, 'height2': 1, 'rotation_x': 0, 'rotation_y': 0, 'rotation_angle': 0, 'decal': False, 'ghost': False, 'stepped': False, 'nub': False, 'profile': '', 'sm': '', 'sb': '', 'st': ''}, {'color': '#cccccc', 'labels': ['2,11'], 'textColor': [], 'textSize': [], 'default': {'textColor': '#000000', 'textSize': 3}, 'x': 10.75, 'y': 2, 'width': 1, 'height': 1, 'x2': 0, 'y2': 0, 'width2': 1, 'height2': 1, 'rotation_x': 0, 'rotation_y': 0, 'rotation_angle': 0, 'decal': False, 'ghost': False, 'stepped': False, 'nub': False, 'profile': '', 'sm': '', 'sb': '', 'st': ''}, {'color': '#cccccc', 'labels': ['2,12'], 'textColor': [], 'textSize': [], 'default': {'textColor': '#000000', 'textSize': 3}, 'x': 11.75, 'y': 2, 'width': 1, 'height': 1, 'x2': 0, 'y2': 0, 'width2': 1, 'height2': 1, 'rotation_x': 0, 'rotation_y': 0, 'rotation_angle': 0, 'decal': False, 'ghost': False, 'stepped': False, 'nub': False, 'profile': '', 'sm': '', 'sb': '', 'st': ''}, {'color': '#cccccc', 'labels': ['2,13'], 'textColor': [], 'textSize': [], 'default': {'textColor': '#000000', 'textSize': 3}, 'x': 12.75, 'y': 2, 'width': 2.25, 'height': 1, 'x2': 0, 'y2': 0, 'width2': 2.25, 'height2': 1, 'rotation_x': 0, 'rotation_y': 0, 'rotation_angle': 0, 'decal': False, 'ghost': False, 'stepped': False, 'nub': False, 'profile': '', 'sm': '', 'sb': '', 'st': ''}, {'color': '#cccccc', 'labels': ['2,16'], 'textColor': [], 'textSize': [], 'default': {'textColor': '#000000', 'textSize': 3}, 'x': 15.5, 'y': 2, 'width': 1, 'height': 1, 'x2': 0, 'y2': 0, 'width2': 1, 'height2': 1, 'rotation_x': 0, 'rotation_y': 0, 'rotation_angle': 0, 'decal': False, 'ghost': False, 'stepped': False, 'nub': False, 'profile': '', 'sm': '', 'sb': '', 'st': ''}, {'color': '#cccccc', 'labels': ['3,1'], 'textColor': [], 'textSize': [], 'default': {'textColor': '#000000', 'textSize': 3}, 'x': 0, 'y': 3, 'width': 2.25, 'height': 1, 'x2': 0, 'y2': 0, 'width2': 2.25, 'height2': 1, 'rotation_x': 0, 'rotation_y': 0, 'rotation_angle': 0, 'decal': False, 'ghost': False, 'stepped': False, 'nub': False, 'profile': '', 'sm': '', 'sb': '', 'st': ''}, {'color': '#cccccc', 'labels': ['3,2'], 'textColor': [], 'textSize': [], 'default': {'textColor': '#000000', 'textSize': 3}, 'x': 2.25, 'y': 3, 'width': 1, 'height': 1, 'x2': 0, 'y2': 0, 'width2': 1, 'height2': 1, 'rotation_x': 0, 'rotation_y': 0, 'rotation_angle': 0, 'decal': False, 'ghost': False, 'stepped': False, 'nub': False, 'profile': '', 'sm': '', 'sb': '', 'st': ''}, {'color': '#cccccc', 'labels': ['3,3'], 'textColor': [], 'textSize': [], 'default': {'textColor': '#000000', 'textSize': 3}, 'x': 3.25, 'y': 3, 'width': 1, 'height': 1, 'x2': 0, 'y2': 0, 'width2': 1, 'height2': 1, 'rotation_x': 0, 'rotation_y': 0, 'rotation_angle': 0, 'decal': False, 'ghost': False, 'stepped': False, 'nub': False, 'profile': '', 'sm': '', 'sb': '', 'st': ''}, {'color': '#cccccc', 'labels': ['3,4'], 'textColor': [], 'textSize': [], 'default': {'textColor': '#000000', 'textSize': 3}, 'x': 4.25, 'y': 3, 'width': 1, 'height': 1, 'x2': 0, 'y2': 0, 'width2': 1, 'height2': 1, 'rotation_x': 0, 'rotation_y': 0, 'rotation_angle': 0, 'decal': False, 'ghost': False, 'stepped': False, 'nub': False, 'profile': '', 'sm': '', 'sb': '', 'st': ''}, {'color': '#cccccc', 'labels': ['3,5'], 'textColor': [], 'textSize': [], 'default': {'textColor': '#000000', 'textSize': 3}, 'x': 5.25, 'y': 3, 'width': 1, 'height': 1, 'x2': 0, 'y2': 0, 'width2': 1, 'height2': 1, 'rotation_x': 0, 'rotation_y': 0, 'rotation_angle': 0, 'decal': False, 'ghost': False, 'stepped': False, 'nub': False, 'profile': '', 'sm': '', 'sb': '', 'st': ''}, {'color': '#cccccc', 'labels': ['3,6'], 'textColor': [], 'textSize': [], 'default': {'textColor': '#000000', 'textSize': 3}, 'x': 6.25, 'y': 3, 'width': 1, 'height': 1, 'x2': 0, 'y2': 0, 'width2': 1, 'height2': 1, 'rotation_x': 0, 'rotation_y': 0, 'rotation_angle': 0, 'decal': False, 'ghost': False, 'stepped': False, 'nub': False, 'profile': '', 'sm': '', 'sb': '', 'st': ''}, {'color': '#cccccc', 'labels': ['3,7'], 'textColor': [], 'textSize': [], 'default': {'textColor': '#000000', 'textSize': 3}, 'x': 7.25, 'y': 3, 'width': 1, 'height': 1, 'x2': 0, 'y2': 0, 'width2': 1, 'height2': 1, 'rotation_x': 0, 'rotation_y': 0, 'rotation_angle': 0, 'decal': False, 'ghost': False, 'stepped': False, 'nub': False, 'profile': '', 'sm': '', 'sb': '', 'st': ''}, {'color': '#cccccc', 'labels': ['3,8'], 'textColor': [], 'textSize': [], 'default': {'textColor': '#000000', 'textSize': 3}, 'x': 8.25, 'y': 3, 'width': 1, 'height': 1, 'x2': 0, 'y2': 0, 'width2': 1, 'height2': 1, 'rotation_x': 0, 'rotation_y': 0, 'rotation_angle': 0, 'decal': False, 'ghost': False, 'stepped': False, 'nub': False, 'profile': '', 'sm': '', 'sb': '', 'st': ''}, {'color': '#cccccc', 'labels': ['3,9'], 'textColor': [], 'textSize': [], 'default': {'textColor': '#000000', 'textSize': 3}, 'x': 9.25, 'y': 3, 'width': 1, 'height': 1, 'x2': 0, 'y2': 0, 'width2': 1, 'height2': 1, 'rotation_x': 0, 'rotation_y': 0, 'rotation_angle': 0, 'decal': False, 'ghost': False, 'stepped': False, 'nub': False, 'profile': '', 'sm': '', 'sb': '', 'st': ''}, {'color': '#cccccc', 'labels': ['3,10'], 'textColor': [], 'textSize': [], 'default': {'textColor': '#000000', 'textSize': 3}, 'x': 10.25, 'y': 3, 'width': 1, 'height': 1, 'x2': 0, 'y2': 0, 'width2': 1, 'height2': 1, 'rotation_x': 0, 'rotation_y': 0, 'rotation_angle': 0, 'decal': False, 'ghost': False, 'stepped': False, 'nub': False, 'profile': '', 'sm': '', 'sb': '', 'st': ''}, {'color': '#cccccc', 'labels': ['3,11'], 'textColor': [], 'textSize': [], 'default': {'textColor': '#000000', 'textSize': 3}, 'x': 11.25, 'y': 3, 'width': 1, 'height': 1, 'x2': 0, 'y2': 0, 'width2': 1, 'height2': 1, 'rotation_x': 0, 'rotation_y': 0, 'rotation_angle': 0, 'decal': False, 'ghost': False, 'stepped': False, 'nub': False, 'profile': '', 'sm': '', 'sb': '', 'st': ''}, {'color': '#cccccc', 'labels': ['3,13'], 'textColor': [], 'textSize': [], 'default': {'textColor': '#000000', 'textSize': 3}, 'x': 12.25, 'y': 3, 'width': 2.25, 'height': 1, 'x2': 0, 'y2': 0, 'width2': 2.25, 'height2': 1, 'rotation_x': 0, 'rotation_y': 0, 'rotation_angle': 0, 'decal': False, 'ghost': False, 'stepped': False, 'nub': False, 'profile': '', 'sm': '', 'sb': '', 'st': ''}, {'color': '#cccccc', 'labels': ['3,15'], 'textColor': [], 'textSize': [], 'default': {'textColor': '#000000', 'textSize': 3}, 'x': 14.5, 'y': 3, 'width': 1, 'height': 1, 'x2': 0, 'y2': 0, 'width2': 1, 'height2': 1, 'rotation_x': 0, 'rotation_y': 0, 'rotation_angle': 0, 'decal': False, 'ghost': False, 'stepped': False, 'nub': False, 'profile': '', 'sm': '', 'sb': '', 'st': ''}, {'color': '#cccccc', 'labels': ['3,16'], 'textColor': [], 'textSize': [], 'default': {'textColor': '#000000', 'textSize': 3}, 'x': 15.5, 'y': 3, 'width': 1, 'height': 1, 'x2': 0, 'y2': 0, 'width2': 1, 'height2': 1, 'rotation_x': 0, 'rotation_y': 0, 'rotation_angle': 0, 'decal': False, 'ghost': False, 'stepped': False, 'nub': False, 'profile': '', 'sm': '', 'sb': '', 'st': ''}, {'color': '#cccccc', 'labels': ['4,0'], 'textColor': [], 'textSize': [], 'default': {'textColor': '#000000', 'textSize': 3}, 'x': 0, 'y': 4, 'width': 1.25, 'height': 1, 'x2': 0, 'y2': 0, 'width2': 1.25, 'height2': 1, 'rotation_x': 0, 'rotation_y': 0, 'rotation_angle': 0, 'decal': False, 'ghost': False, 'stepped': False, 'nub': False, 'profile': '', 'sm': '', 'sb': '', 'st': ''}, {'color': '#cccccc', 'labels': ['4,1'], 'textColor': [], 'textSize': [], 'default': {'textColor': '#000000', 'textSize': 3}, 'x': 1.25, 'y': 4, 'width': 1, 'height': 1, 'x2': 0, 'y2': 0, 'width2': 1, 'height2': 1, 'rotation_x': 0, 'rotation_y': 0, 'rotation_angle': 0, 'decal': False, 'ghost': False, 'stepped': False, 'nub': False, 'profile': '', 'sm': '', 'sb': '', 'st': ''}, {'color': '#cccccc', 'labels': ['4,2'], 'textColor': [], 'textSize': [], 'default': {'textColor': '#000000', 'textSize': 3}, 'x': 2.25, 'y': 4, 'width': 1.25, 'height': 1, 'x2': 0, 'y2': 0, 'width2': 1.25, 'height2': 1, 'rotation_x': 0, 'rotation_y': 0, 'rotation_angle': 0, 'decal': False, 'ghost': False, 'stepped': False, 'nub': False, 'profile': '', 'sm': '', 'sb': '', 'st': ''}, {'color': '#cccccc', 'labels': ['4,6'], 'textColor': [], 'textSize': [], 'default': {'textColor': '#000000', 'textSize': 3}, 'x': 3.5, 'y': 4, 'width': 6.25, 'height': 1, 'x2': 0, 'y2': 0, 'width2': 6.25, 'height2': 1, 'rotation_x': 0, 'rotation_y': 0, 'rotation_angle': 0, 'decal': False, 'ghost': False, 'stepped': False, 'nub': False, 'profile': '', 'sm': '', 'sb': '', 'st': ''}, {'color': '#cccccc', 'labels': ['4,10'], 'textColor': [], 'textSize': [], 'default': {'textColor': '#000000', 'textSize': 3}, 'x': 9.75, 'y': 4, 'width': 1.25, 'height': 1, 'x2': 0, 'y2': 0, 'width2': 1.25, 'height2': 1, 'rotation_x': 0, 'rotation_y': 0, 'rotation_angle': 0, 'decal': False, 'ghost': False, 'stepped': False, 'nub': False, 'profile': '', 'sm': '', 'sb': '', 'st': ''}, {'color': '#cccccc', 'labels': ['4,11'], 'textColor': [], 'textSize': [], 'default': {'textColor': '#000000', 'textSize': 3}, 'x': 11, 'y': 4, 'width': 1.25, 'height': 1, 'x2': 0, 'y2': 0, 'width2': 1.25, 'height2': 1, 'rotation_x': 0, 'rotation_y': 0, 'rotation_angle': 0, 'decal': False, 'ghost': False, 'stepped': False, 'nub': False, 'profile': '', 'sm': '', 'sb': '', 'st': ''}, {'color': '#cccccc', 'labels': ['4,12'], 'textColor': [], 'textSize': [], 'default': {'textColor': '#000000', 'textSize': 3}, 'x': 12.25, 'y': 4, 'width': 1.25, 'height': 1, 'x2': 0, 'y2': 0, 'width2': 1.25, 'height2': 1, 'rotation_x': 0, 'rotation_y': 0, 'rotation_angle': 0, 'decal': False, 'ghost': False, 'stepped': False, 'nub': False, 'profile': '', 'sm': '', 'sb': '', 'st': ''}, {'color': '#cccccc', 'labels': ['4,14'], 'textColor': [], 'textSize': [], 'default': {'textColor': '#000000', 'textSize': 3}, 'x': 13.5, 'y': 4, 'width': 1, 'height': 1, 'x2': 0, 'y2': 0, 'width2': 1, 'height2': 1, 'rotation_x': 0, 'rotation_y': 0, 'rotation_angle': 0, 'decal': False, 'ghost': False, 'stepped': False, 'nub': False, 'profile': '', 'sm': '', 'sb': '', 'st': ''}, {'color': '#cccccc', 'labels': ['4,15'], 'textColor': [], 'textSize': [], 'default': {'textColor': '#000000', 'textSize': 3}, 'x': 14.5, 'y': 4, 'width': 1, 'height': 1, 'x2': 0, 'y2': 0, 'width2': 1, 'height2': 1, 'rotation_x': 0, 'rotation_y': 0, 'rotation_angle': 0, 'decal': False, 'ghost': False, 'stepped': False, 'nub': False, 'profile': '', 'sm': '', 'sb': '', 'st': ''}, {'color': '#cccccc', 'labels': ['4,16'], 'textColor': [], 'textSize': [], 'default': {'textColor': '#000000', 'textSize': 3}, 'x': 15.5, 'y': 4, 'width': 1, 'height': 1, 'x2': 0, 'y2': 0, 'width2': 1, 'height2': 1, 'rotation_x': 0, 'rotation_y': 0, 'rotation_angle': 0, 'decal': False, 'ghost': False, 'stepped': False, 'nub': False, 'profile': '', 'sm': '', 'sb': '', 'st': ''}]}
01:09:22: Searching for SW1 module
01:09:22: Setting SW1 module position: (34525000, 34525000)
01:09:22: Searching for D1 module
01:09:22: Setting D1 module position: (39605000, 37555000)
01:09:22: Routing SW1 with D1
01:09:22: switchPadPosition: (37065000, 29445000), diodePadPosition: (39605000, 36455000)
01:09:22: Adding track segment (B.Cu): [(39605000, 36455000), (37065000, 33915000)]
01:09:22: Adding track segment (B.Cu): [(37065000, 33915000), (37065000, 29445000)]
01:09:22: Searching for SW2 module
01:09:22: Setting SW2 module position: (53575000, 34525000)
01:09:22: Searching for D2 module
01:09:22: Setting D2 module position: (58655000, 37555000)
01:09:22: Routing SW2 with D2
01:09:22: switchPadPosition: (56115000, 29445000), diodePadPosition: (58655000, 36455000)
01:09:22: Adding track segment (B.Cu): [(58655000, 36455000), (56115000, 33915000)]
01:09:22: Adding track segment (B.Cu): [(56115000, 33915000), (56115000, 29445000)]
01:09:22: Searching for SW3 module
01:09:22: Setting SW3 module position: (72625000, 34525000)
01:09:22: Searching for D3 module
01:09:22: Setting D3 module position: (77705000, 37555000)
01:09:22: Routing SW3 with D3
01:09:22: switchPadPosition: (75165000, 29445000), diodePadPosition: (77705000, 36455000)
01:09:22: Adding track segment (B.Cu): [(77705000, 36455000), (75165000, 33915000)]
01:09:22: Adding track segment (B.Cu): [(75165000, 33915000), (75165000, 29445000)]
01:09:22: Searching for SW4 module
01:09:22: Setting SW4 module position: (91675000, 34525000)
01:09:22: Searching for D4 module
01:09:22: Setting D4 module position: (96755000, 37555000)
01:09:22: Routing SW4 with D4
01:09:22: switchPadPosition: (94215000, 29445000), diodePadPosition: (96755000, 36455000)
01:09:22: Adding track segment (B.Cu): [(96755000, 36455000), (94215000, 33915000)]
01:09:22: Adding track segment (B.Cu): [(94215000, 33915000), (94215000, 29445000)]
01:09:22: Searching for SW5 module
01:09:22: Setting SW5 module position: (110725000, 34525000)
01:09:22: Searching for D5 module
01:09:22: Setting D5 module position: (115805000, 37555000)
01:09:22: Routing SW5 with D5
01:09:22: switchPadPosition: (113265000, 29445000), diodePadPosition: (115805000, 36455000)
01:09:22: Adding track segment (B.Cu): [(115805000, 36455000), (113265000, 33915000)]
01:09:22: Adding track segment (B.Cu): [(113265000, 33915000), (113265000, 29445000)]
01:09:22: Searching for SW6 module
01:09:22: Setting SW6 module position: (129775000, 34525000)
01:09:22: Searching for D6 module
01:09:22: Setting D6 module position: (134855000, 37555000)
01:09:22: Routing SW6 with D6
01:09:22: switchPadPosition: (132315000, 29445000), diodePadPosition: (134855000, 36455000)
01:09:22: Adding track segment (B.Cu): [(134855000, 36455000), (132315000, 33915000)]
01:09:22: Adding track segment (B.Cu): [(132315000, 33915000), (132315000, 29445000)]
01:09:22: Searching for SW7 module
01:09:22: Setting SW7 module position: (148825000, 34525000)
01:09:22: Searching for D7 module
01:09:22: Setting D7 module position: (153905000, 37555000)
01:09:22: Routing SW7 with D7
01:09:22: switchPadPosition: (151365000, 29445000), diodePadPosition: (153905000, 36455000)
01:09:22: Adding track segment (B.Cu): [(153905000, 36455000), (151365000, 33915000)]
01:09:22: Adding track segment (B.Cu): [(151365000, 33915000), (151365000, 29445000)]
01:09:22: Searching for SW8 module
01:09:22: Setting SW8 module position: (167875000, 34525000)
01:09:22: Searching for D8 module
01:09:22: Setting D8 module position: (172955000, 37555000)
01:09:22: Routing SW8 with D8
01:09:22: switchPadPosition: (170415000, 29445000), diodePadPosition: (172955000, 36455000)
01:09:22: Adding track segment (B.Cu): [(172955000, 36455000), (170415000, 33915000)]
01:09:22: Adding track segment (B.Cu): [(170415000, 33915000), (170415000, 29445000)]
01:09:22: Searching for SW9 module
01:09:22: Setting SW9 module position: (186925000, 34525000)
01:09:22: Searching for D9 module
01:09:22: Setting D9 module position: (192005000, 37555000)
01:09:22: Routing SW9 with D9
01:09:22: switchPadPosition: (189465000, 29445000), diodePadPosition: (192005000, 36455000)
01:09:22: Adding track segment (B.Cu): [(192005000, 36455000), (189465000, 33915000)]
01:09:22: Adding track segment (B.Cu): [(189465000, 33915000), (189465000, 29445000)]
01:09:22: Searching for SW10 module
01:09:22: Setting SW10 module position: (205975000, 34525000)
01:09:22: Searching for D10 module
01:09:22: Setting D10 module position: (211055000, 37555000)
01:09:22: Routing SW10 with D10
01:09:22: switchPadPosition: (208515000, 29445000), diodePadPosition: (211055000, 36455000)
01:09:22: Adding track segment (B.Cu): [(211055000, 36455000), (208515000, 33915000)]
01:09:22: Adding track segment (B.Cu): [(208515000, 33915000), (208515000, 29445000)]
01:09:22: Searching for SW11 module
01:09:22: Setting SW11 module position: (225025000, 34525000)
01:09:22: Searching for D11 module
01:09:22: Setting D11 module position: (230105000, 37555000)
01:09:22: Routing SW11 with D11
01:09:22: switchPadPosition: (227565000, 29445000), diodePadPosition: (230105000, 36455000)
01:09:22: Adding track segment (B.Cu): [(230105000, 36455000), (227565000, 33915000)]
01:09:22: Adding track segment (B.Cu): [(227565000, 33915000), (227565000, 29445000)]
01:09:22: Searching for SW12 module
01:09:22: Setting SW12 module position: (244075000, 34525000)
01:09:22: Searching for D12 module
01:09:22: Setting D12 module position: (249155000, 37555000)
01:09:22: Routing SW12 with D12
01:09:22: switchPadPosition: (246615000, 29445000), diodePadPosition: (249155000, 36455000)
01:09:22: Adding track segment (B.Cu): [(249155000, 36455000), (246615000, 33915000)]
01:09:22: Adding track segment (B.Cu): [(246615000, 33915000), (246615000, 29445000)]
01:09:22: Searching for SW13 module
01:09:22: Setting SW13 module position: (263125000, 34525000)
01:09:22: Searching for D13 module
01:09:22: Setting D13 module position: (268205000, 37555000)
01:09:22: Routing SW13 with D13
01:09:22: switchPadPosition: (265665000, 29445000), diodePadPosition: (268205000, 36455000)
01:09:22: Adding track segment (B.Cu): [(268205000, 36455000), (265665000, 33915000)]
01:09:22: Adding track segment (B.Cu): [(265665000, 33915000), (265665000, 29445000)]
01:09:22: Searching for SW14 module
01:09:22: Setting SW14 module position: (291700000, 34525000)
01:09:22: Searching for D14 module
01:09:22: Setting D14 module position: (296780000, 37555000)
01:09:22: Routing SW14 with D14
01:09:22: switchPadPosition: (294240000, 29445000), diodePadPosition: (296780000, 36455000)
01:09:22: Adding track segment (B.Cu): [(296780000, 36455000), (294240000, 33915000)]
01:09:22: Adding track segment (B.Cu): [(294240000, 33915000), (294240000, 29445000)]
01:09:22: Searching for SW15 module
01:09:22: Setting SW15 module position: (329800000, 34525000)
01:09:22: Searching for D15 module
01:09:22: Setting D15 module position: (334880000, 37555000)
01:09:22: Routing SW15 with D15
01:09:22: switchPadPosition: (332340000, 29445000), diodePadPosition: (334880000, 36455000)
01:09:22: Adding track segment (B.Cu): [(334880000, 36455000), (332340000, 33915000)]
01:09:22: Adding track segment (B.Cu): [(332340000, 33915000), (332340000, 29445000)]
01:09:22: Searching for SW16 module
01:09:22: Setting SW16 module position: (39287500, 53575000)
01:09:22: Searching for D16 module
01:09:22: Setting D16 module position: (44367500, 56605000)
01:09:22: Routing SW16 with D16
01:09:22: switchPadPosition: (41827500, 48495000), diodePadPosition: (44367500, 55505000)
01:09:22: Adding track segment (B.Cu): [(44367500, 55505000), (41827500, 52965000)]
01:09:22: Adding track segment (B.Cu): [(41827500, 52965000), (41827500, 48495000)]
01:09:22: Searching for SW17 module
01:09:22: Setting SW17 module position: (63100000, 53575000)
01:09:22: Searching for D17 module
01:09:22: Setting D17 module position: (68180000, 56605000)
01:09:22: Routing SW17 with D17
01:09:22: switchPadPosition: (65640000, 48495000), diodePadPosition: (68180000, 55505000)
01:09:22: Adding track segment (B.Cu): [(68180000, 55505000), (65640000, 52965000)]
01:09:22: Adding track segment (B.Cu): [(65640000, 52965000), (65640000, 48495000)]
01:09:22: Searching for SW18 module
01:09:22: Setting SW18 module position: (82150000, 53575000)
01:09:22: Searching for D18 module
01:09:22: Setting D18 module position: (87230000, 56605000)
01:09:22: Routing SW18 with D18
01:09:22: switchPadPosition: (84690000, 48495000), diodePadPosition: (87230000, 55505000)
01:09:22: Adding track segment (B.Cu): [(87230000, 55505000), (84690000, 52965000)]
01:09:22: Adding track segment (B.Cu): [(84690000, 52965000), (84690000, 48495000)]
01:09:22: Searching for SW19 module
01:09:22: Setting SW19 module position: (101200000, 53575000)
01:09:22: Searching for D19 module
01:09:22: Setting D19 module position: (106280000, 56605000)
01:09:22: Routing SW19 with D19
01:09:22: switchPadPosition: (103740000, 48495000), diodePadPosition: (106280000, 55505000)
01:09:22: Adding track segment (B.Cu): [(106280000, 55505000), (103740000, 52965000)]
01:09:22: Adding track segment (B.Cu): [(103740000, 52965000), (103740000, 48495000)]
01:09:22: Searching for SW20 module
01:09:22: Setting SW20 module position: (120250000, 53575000)
01:09:22: Searching for D20 module
01:09:22: Setting D20 module position: (125330000, 56605000)
01:09:22: Routing SW20 with D20
01:09:22: switchPadPosition: (122790000, 48495000), diodePadPosition: (125330000, 55505000)
01:09:22: Adding track segment (B.Cu): [(125330000, 55505000), (122790000, 52965000)]
01:09:22: Adding track segment (B.Cu): [(122790000, 52965000), (122790000, 48495000)]
01:09:22: Searching for SW21 module
01:09:22: Setting SW21 module position: (139300000, 53575000)
01:09:22: Searching for D21 module
01:09:22: Setting D21 module position: (144380000, 56605000)
01:09:22: Routing SW21 with D21
01:09:22: switchPadPosition: (141840000, 48495000), diodePadPosition: (144380000, 55505000)
01:09:22: Adding track segment (B.Cu): [(144380000, 55505000), (141840000, 52965000)]
01:09:22: Adding track segment (B.Cu): [(141840000, 52965000), (141840000, 48495000)]
01:09:22: Searching for SW22 module
01:09:22: Setting SW22 module position: (158350000, 53575000)
01:09:22: Searching for D22 module
01:09:22: Setting D22 module position: (163430000, 56605000)
01:09:22: Routing SW22 with D22
01:09:22: switchPadPosition: (160890000, 48495000), diodePadPosition: (163430000, 55505000)
01:09:22: Adding track segment (B.Cu): [(163430000, 55505000), (160890000, 52965000)]
01:09:22: Adding track segment (B.Cu): [(160890000, 52965000), (160890000, 48495000)]
01:09:22: Searching for SW23 module
01:09:22: Setting SW23 module position: (177400000, 53575000)
01:09:22: Searching for D23 module
01:09:22: Setting D23 module position: (182480000, 56605000)
01:09:22: Routing SW23 with D23
01:09:22: switchPadPosition: (179940000, 48495000), diodePadPosition: (182480000, 55505000)
01:09:22: Adding track segment (B.Cu): [(182480000, 55505000), (179940000, 52965000)]
01:09:22: Adding track segment (B.Cu): [(179940000, 52965000), (179940000, 48495000)]
01:09:22: Searching for SW24 module
01:09:22: Setting SW24 module position: (196450000, 53575000)
01:09:22: Searching for D24 module
01:09:22: Setting D24 module position: (201530000, 56605000)
01:09:22: Routing SW24 with D24
01:09:22: switchPadPosition: (198990000, 48495000), diodePadPosition: (201530000, 55505000)
01:09:22: Adding track segment (B.Cu): [(201530000, 55505000), (198990000, 52965000)]
01:09:22: Adding track segment (B.Cu): [(198990000, 52965000), (198990000, 48495000)]
01:09:22: Searching for SW25 module
01:09:22: Setting SW25 module position: (215500000, 53575000)
01:09:22: Searching for D25 module
01:09:22: Setting D25 module position: (220580000, 56605000)
01:09:22: Routing SW25 with D25
01:09:22: switchPadPosition: (218040000, 48495000), diodePadPosition: (220580000, 55505000)
01:09:22: Adding track segment (B.Cu): [(220580000, 55505000), (218040000, 52965000)]
01:09:22: Adding track segment (B.Cu): [(218040000, 52965000), (218040000, 48495000)]
01:09:22: Searching for SW26 module
01:09:22: Setting SW26 module position: (234550000, 53575000)
01:09:22: Searching for D26 module
01:09:22: Setting D26 module position: (239630000, 56605000)
01:09:22: Routing SW26 with D26
01:09:22: switchPadPosition: (237090000, 48495000), diodePadPosition: (239630000, 55505000)
01:09:22: Adding track segment (B.Cu): [(239630000, 55505000), (237090000, 52965000)]
01:09:22: Adding track segment (B.Cu): [(237090000, 52965000), (237090000, 48495000)]
01:09:22: Searching for SW27 module
01:09:22: Setting SW27 module position: (253600000, 53575000)
01:09:22: Searching for D27 module
01:09:22: Setting D27 module position: (258680000, 56605000)
01:09:22: Routing SW27 with D27
01:09:22: switchPadPosition: (256140000, 48495000), diodePadPosition: (258680000, 55505000)
01:09:22: Adding track segment (B.Cu): [(258680000, 55505000), (256140000, 52965000)]
01:09:22: Adding track segment (B.Cu): [(256140000, 52965000), (256140000, 48495000)]
01:09:22: Searching for SW28 module
01:09:22: Setting SW28 module position: (272650000, 53575000)
01:09:22: Searching for D28 module
01:09:22: Setting D28 module position: (277730000, 56605000)
01:09:22: Routing SW28 with D28
01:09:22: switchPadPosition: (275190000, 48495000), diodePadPosition: (277730000, 55505000)
01:09:22: Adding track segment (B.Cu): [(277730000, 55505000), (275190000, 52965000)]
01:09:22: Adding track segment (B.Cu): [(275190000, 52965000), (275190000, 48495000)]
01:09:22: Searching for SW29 module
01:09:22: Setting SW29 module position: (296462500, 53575000)
01:09:22: Searching for D29 module
01:09:22: Setting D29 module position: (301542500, 56605000)
01:09:22: Routing SW29 with D29
01:09:22: switchPadPosition: (299002500, 48495000), diodePadPosition: (301542500, 55505000)
01:09:22: Adding track segment (B.Cu): [(301542500, 55505000), (299002500, 52965000)]
01:09:22: Adding track segment (B.Cu): [(299002500, 52965000), (299002500, 48495000)]
01:09:22: Searching for SW30 module
01:09:22: Setting SW30 module position: (329800000, 53575000)
01:09:22: Searching for D30 module
01:09:22: Setting D30 module position: (334880000, 56605000)
01:09:22: Routing SW30 with D30
01:09:22: switchPadPosition: (332340000, 48495000), diodePadPosition: (334880000, 55505000)
01:09:22: Adding track segment (B.Cu): [(334880000, 55505000), (332340000, 52965000)]
01:09:22: Adding track segment (B.Cu): [(332340000, 52965000), (332340000, 48495000)]
01:09:22: Searching for SW31 module
01:09:22: Setting SW31 module position: (41668750, 72625000)
01:09:22: Searching for D31 module
01:09:22: Setting D31 module position: (46748750, 75655000)
01:09:22: Routing SW31 with D31
01:09:22: switchPadPosition: (44208750, 67545000), diodePadPosition: (46748750, 74555000)
01:09:22: Adding track segment (B.Cu): [(46748750, 74555000), (44208750, 72015000)]
01:09:22: Adding track segment (B.Cu): [(44208750, 72015000), (44208750, 67545000)]
01:09:22: Searching for SW32 module
01:09:22: Setting SW32 module position: (67862500, 72625000)
01:09:22: Searching for D32 module
01:09:22: Setting D32 module position: (72942500, 75655000)
01:09:22: Routing SW32 with D32
01:09:22: switchPadPosition: (70402500, 67545000), diodePadPosition: (72942500, 74555000)
01:09:22: Adding track segment (B.Cu): [(72942500, 74555000), (70402500, 72015000)]
01:09:22: Adding track segment (B.Cu): [(70402500, 72015000), (70402500, 67545000)]
01:09:22: Searching for SW33 module
01:09:22: Setting SW33 module position: (86912500, 72625000)
01:09:22: Searching for D33 module
01:09:22: Setting D33 module position: (91992500, 75655000)
01:09:22: Routing SW33 with D33
01:09:22: switchPadPosition: (89452500, 67545000), diodePadPosition: (91992500, 74555000)
01:09:22: Adding track segment (B.Cu): [(91992500, 74555000), (89452500, 72015000)]
01:09:22: Adding track segment (B.Cu): [(89452500, 72015000), (89452500, 67545000)]
01:09:22: Searching for SW34 module
01:09:22: Setting SW34 module position: (105962500, 72625000)
01:09:22: Searching for D34 module
01:09:22: Setting D34 module position: (111042500, 75655000)
01:09:22: Routing SW34 with D34
01:09:22: switchPadPosition: (108502500, 67545000), diodePadPosition: (111042500, 74555000)
01:09:22: Adding track segment (B.Cu): [(111042500, 74555000), (108502500, 72015000)]
01:09:22: Adding track segment (B.Cu): [(108502500, 72015000), (108502500, 67545000)]
01:09:22: Searching for SW35 module
01:09:22: Setting SW35 module position: (125012500, 72625000)
01:09:22: Searching for D35 module
01:09:22: Setting D35 module position: (130092500, 75655000)
01:09:22: Routing SW35 with D35
01:09:22: switchPadPosition: (127552500, 67545000), diodePadPosition: (130092500, 74555000)
01:09:22: Adding track segment (B.Cu): [(130092500, 74555000), (127552500, 72015000)]
01:09:22: Adding track segment (B.Cu): [(127552500, 72015000), (127552500, 67545000)]
01:09:22: Searching for SW36 module
01:09:22: Setting SW36 module position: (144062500, 72625000)
01:09:22: Searching for D36 module
01:09:22: Setting D36 module position: (149142500, 75655000)
01:09:22: Routing SW36 with D36
01:09:22: switchPadPosition: (146602500, 67545000), diodePadPosition: (149142500, 74555000)
01:09:22: Adding track segment (B.Cu): [(149142500, 74555000), (146602500, 72015000)]
01:09:22: Adding track segment (B.Cu): [(146602500, 72015000), (146602500, 67545000)]
01:09:22: Searching for SW37 module
01:09:22: Setting SW37 module position: (163112500, 72625000)
01:09:22: Searching for D37 module
01:09:22: Setting D37 module position: (168192500, 75655000)
01:09:22: Routing SW37 with D37
01:09:22: switchPadPosition: (165652500, 67545000), diodePadPosition: (168192500, 74555000)
01:09:22: Adding track segment (B.Cu): [(168192500, 74555000), (165652500, 72015000)]
01:09:22: Adding track segment (B.Cu): [(165652500, 72015000), (165652500, 67545000)]
01:09:22: Searching for SW38 module
01:09:22: Setting SW38 module position: (182162500, 72625000)
01:09:22: Searching for D38 module
01:09:22: Setting D38 module position: (187242500, 75655000)
01:09:22: Routing SW38 with D38
01:09:22: switchPadPosition: (184702500, 67545000), diodePadPosition: (187242500, 74555000)
01:09:22: Adding track segment (B.Cu): [(187242500, 74555000), (184702500, 72015000)]
01:09:22: Adding track segment (B.Cu): [(184702500, 72015000), (184702500, 67545000)]
01:09:22: Searching for SW39 module
01:09:22: Setting SW39 module position: (201212500, 72625000)
01:09:22: Searching for D39 module
01:09:22: Setting D39 module position: (206292500, 75655000)
01:09:22: Routing SW39 with D39
01:09:22: switchPadPosition: (203752500, 67545000), diodePadPosition: (206292500, 74555000)
01:09:22: Adding track segment (B.Cu): [(206292500, 74555000), (203752500, 72015000)]
01:09:22: Adding track segment (B.Cu): [(203752500, 72015000), (203752500, 67545000)]
01:09:22: Searching for SW40 module
01:09:22: Setting SW40 module position: (220262500, 72625000)
01:09:22: Searching for D40 module
01:09:22: Setting D40 module position: (225342500, 75655000)
01:09:22: Routing SW40 with D40
01:09:22: switchPadPosition: (222802500, 67545000), diodePadPosition: (225342500, 74555000)
01:09:22: Adding track segment (B.Cu): [(225342500, 74555000), (222802500, 72015000)]
01:09:22: Adding track segment (B.Cu): [(222802500, 72015000), (222802500, 67545000)]
01:09:22: Searching for SW41 module
01:09:22: Setting SW41 module position: (239312500, 72625000)
01:09:22: Searching for D41 module
01:09:22: Setting D41 module position: (244392500, 75655000)
01:09:22: Routing SW41 with D41
01:09:22: switchPadPosition: (241852500, 67545000), diodePadPosition: (244392500, 74555000)
01:09:22: Adding track segment (B.Cu): [(244392500, 74555000), (241852500, 72015000)]
01:09:22: Adding track segment (B.Cu): [(241852500, 72015000), (241852500, 67545000)]
01:09:22: Searching for SW42 module
01:09:22: Setting SW42 module position: (258362500, 72625000)
01:09:22: Searching for D42 module
01:09:22: Setting D42 module position: (263442500, 75655000)
01:09:22: Routing SW42 with D42
01:09:22: switchPadPosition: (260902500, 67545000), diodePadPosition: (263442500, 74555000)
01:09:22: Adding track segment (B.Cu): [(263442500, 74555000), (260902500, 72015000)]
01:09:22: Adding track segment (B.Cu): [(260902500, 72015000), (260902500, 67545000)]
01:09:22: Searching for SW43 module
01:09:22: Setting SW43 module position: (289318750, 72625000)
01:09:22: Searching for D43 module
01:09:22: Setting D43 module position: (294398750, 75655000)
01:09:22: Routing SW43 with D43
01:09:22: switchPadPosition: (291858750, 67545000), diodePadPosition: (294398750, 74555000)
01:09:22: Adding track segment (B.Cu): [(294398750, 74555000), (291858750, 72015000)]
01:09:22: Adding track segment (B.Cu): [(291858750, 72015000), (291858750, 67545000)]
01:09:22: Searching for SW44 module
01:09:22: Setting SW44 module position: (329800000, 72625000)
01:09:22: Searching for D44 module
01:09:22: Setting D44 module position: (334880000, 75655000)
01:09:22: Routing SW44 with D44
01:09:22: switchPadPosition: (332340000, 67545000), diodePadPosition: (334880000, 74555000)
01:09:22: Adding track segment (B.Cu): [(334880000, 74555000), (332340000, 72015000)]
01:09:22: Adding track segment (B.Cu): [(332340000, 72015000), (332340000, 67545000)]
01:09:22: Searching for SW45 module
01:09:22: Setting SW45 module position: (46431250, 91675000)
01:09:22: Searching for D45 module
01:09:22: Setting D45 module position: (51511250, 94705000)
01:09:22: Routing SW45 with D45
01:09:22: switchPadPosition: (48971250, 86595000), diodePadPosition: (51511250, 93605000)
01:09:22: Adding track segment (B.Cu): [(51511250, 93605000), (48971250, 91065000)]
01:09:22: Adding track segment (B.Cu): [(48971250, 91065000), (48971250, 86595000)]
01:09:22: Searching for SW46 module
01:09:22: Setting SW46 module position: (77387500, 91675000)
01:09:22: Searching for D46 module
01:09:22: Setting D46 module position: (82467500, 94705000)
01:09:22: Routing SW46 with D46
01:09:22: switchPadPosition: (79927500, 86595000), diodePadPosition: (82467500, 93605000)
01:09:22: Adding track segment (B.Cu): [(82467500, 93605000), (79927500, 91065000)]
01:09:22: Adding track segment (B.Cu): [(79927500, 91065000), (79927500, 86595000)]
01:09:22: Searching for SW47 module
01:09:22: Setting SW47 module position: (96437500, 91675000)
01:09:22: Searching for D47 module
01:09:22: Setting D47 module position: (101517500, 94705000)
01:09:22: Routing SW47 with D47
01:09:22: switchPadPosition: (98977500, 86595000), diodePadPosition: (101517500, 93605000)
01:09:22: Adding track segment (B.Cu): [(101517500, 93605000), (98977500, 91065000)]
01:09:22: Adding track segment (B.Cu): [(98977500, 91065000), (98977500, 86595000)]
01:09:22: Searching for SW48 module
01:09:22: Setting SW48 module position: (115487500, 91675000)
01:09:22: Searching for D48 module
01:09:22: Setting D48 module position: (120567500, 94705000)
01:09:22: Routing SW48 with D48
01:09:22: switchPadPosition: (118027500, 86595000), diodePadPosition: (120567500, 93605000)
01:09:22: Adding track segment (B.Cu): [(120567500, 93605000), (118027500, 91065000)]
01:09:22: Adding track segment (B.Cu): [(118027500, 91065000), (118027500, 86595000)]
01:09:22: Searching for SW49 module
01:09:22: Setting SW49 module position: (134537500, 91675000)
01:09:22: Searching for D49 module
01:09:22: Setting D49 module position: (139617500, 94705000)
01:09:22: Routing SW49 with D49
01:09:22: switchPadPosition: (137077500, 86595000), diodePadPosition: (139617500, 93605000)
01:09:22: Adding track segment (B.Cu): [(139617500, 93605000), (137077500, 91065000)]
01:09:22: Adding track segment (B.Cu): [(137077500, 91065000), (137077500, 86595000)]
01:09:22: Searching for SW50 module
01:09:22: Setting SW50 module position: (153587500, 91675000)
01:09:22: Searching for D50 module
01:09:22: Setting D50 module position: (158667500, 94705000)
01:09:22: Routing SW50 with D50
01:09:22: switchPadPosition: (156127500, 86595000), diodePadPosition: (158667500, 93605000)
01:09:22: Adding track segment (B.Cu): [(158667500, 93605000), (156127500, 91065000)]
01:09:22: Adding track segment (B.Cu): [(156127500, 91065000), (156127500, 86595000)]
01:09:22: Searching for SW51 module
01:09:22: Setting SW51 module position: (172637500, 91675000)
01:09:22: Searching for D51 module
01:09:22: Setting D51 module position: (177717500, 94705000)
01:09:22: Routing SW51 with D51
01:09:22: switchPadPosition: (175177500, 86595000), diodePadPosition: (177717500, 93605000)
01:09:22: Adding track segment (B.Cu): [(177717500, 93605000), (175177500, 91065000)]
01:09:22: Adding track segment (B.Cu): [(175177500, 91065000), (175177500, 86595000)]
01:09:22: Searching for SW52 module
01:09:22: Setting SW52 module position: (191687500, 91675000)
01:09:22: Searching for D52 module
01:09:22: Setting D52 module position: (196767500, 94705000)
01:09:22: Routing SW52 with D52
01:09:22: switchPadPosition: (194227500, 86595000), diodePadPosition: (196767500, 93605000)
01:09:22: Adding track segment (B.Cu): [(196767500, 93605000), (194227500, 91065000)]
01:09:22: Adding track segment (B.Cu): [(194227500, 91065000), (194227500, 86595000)]
01:09:22: Searching for SW53 module
01:09:22: Setting SW53 module position: (210737500, 91675000)
01:09:22: Searching for D53 module
01:09:22: Setting D53 module position: (215817500, 94705000)
01:09:22: Routing SW53 with D53
01:09:22: switchPadPosition: (213277500, 86595000), diodePadPosition: (215817500, 93605000)
01:09:22: Adding track segment (B.Cu): [(215817500, 93605000), (213277500, 91065000)]
01:09:22: Adding track segment (B.Cu): [(213277500, 91065000), (213277500, 86595000)]
01:09:22: Searching for SW54 module
01:09:22: Setting SW54 module position: (229787500, 91675000)
01:09:22: Searching for D54 module
01:09:22: Setting D54 module position: (234867500, 94705000)
01:09:22: Routing SW54 with D54
01:09:22: switchPadPosition: (232327500, 86595000), diodePadPosition: (234867500, 93605000)
01:09:22: Adding track segment (B.Cu): [(234867500, 93605000), (232327500, 91065000)]
01:09:22: Adding track segment (B.Cu): [(232327500, 91065000), (232327500, 86595000)]
01:09:22: Searching for SW55 module
01:09:22: Setting SW55 module position: (248837500, 91675000)
01:09:22: Searching for D55 module
01:09:22: Setting D55 module position: (253917500, 94705000)
01:09:22: Routing SW55 with D55
01:09:22: switchPadPosition: (251377500, 86595000), diodePadPosition: (253917500, 93605000)
01:09:22: Adding track segment (B.Cu): [(253917500, 93605000), (251377500, 91065000)]
01:09:22: Adding track segment (B.Cu): [(251377500, 91065000), (251377500, 86595000)]
01:09:22: Searching for SW56 module
01:09:22: Setting SW56 module position: (279793750, 91675000)
01:09:22: Searching for D56 module
01:09:22: Setting D56 module position: (284873750, 94705000)
01:09:22: Routing SW56 with D56
01:09:22: switchPadPosition: (282333750, 86595000), diodePadPosition: (284873750, 93605000)
01:09:22: Adding track segment (B.Cu): [(284873750, 93605000), (282333750, 91065000)]
01:09:22: Adding track segment (B.Cu): [(282333750, 91065000), (282333750, 86595000)]
01:09:22: Searching for SW57 module
01:09:22: Setting SW57 module position: (310750000, 91675000)
01:09:22: Searching for D57 module
01:09:22: Setting D57 module position: (315830000, 94705000)
01:09:22: Routing SW57 with D57
01:09:22: switchPadPosition: (313290000, 86595000), diodePadPosition: (315830000, 93605000)
01:09:22: Adding track segment (B.Cu): [(315830000, 93605000), (313290000, 91065000)]
01:09:22: Adding track segment (B.Cu): [(313290000, 91065000), (313290000, 86595000)]
01:09:22: Searching for SW58 module
01:09:22: Setting SW58 module position: (329800000, 91675000)
01:09:22: Searching for D58 module
01:09:22: Setting D58 module position: (334880000, 94705000)
01:09:22: Routing SW58 with D58
01:09:22: switchPadPosition: (332340000, 86595000), diodePadPosition: (334880000, 93605000)
01:09:22: Adding track segment (B.Cu): [(334880000, 93605000), (332340000, 91065000)]
01:09:22: Adding track segment (B.Cu): [(332340000, 91065000), (332340000, 86595000)]
01:09:22: Searching for SW59 module
01:09:22: Setting SW59 module position: (36906250, 110725000)
01:09:22: Searching for D59 module
01:09:22: Setting D59 module position: (41986250, 113755000)
01:09:22: Routing SW59 with D59
01:09:22: switchPadPosition: (39446250, 105645000), diodePadPosition: (41986250, 112655000)
01:09:22: Adding track segment (B.Cu): [(41986250, 112655000), (39446250, 110115000)]
01:09:22: Adding track segment (B.Cu): [(39446250, 110115000), (39446250, 105645000)]
01:09:22: Searching for SW60 module
01:09:22: Setting SW60 module position: (58337500, 110725000)
01:09:22: Searching for D60 module
01:09:22: Setting D60 module position: (63417500, 113755000)
01:09:22: Routing SW60 with D60
01:09:22: switchPadPosition: (60877500, 105645000), diodePadPosition: (63417500, 112655000)
01:09:22: Adding track segment (B.Cu): [(63417500, 112655000), (60877500, 110115000)]
01:09:22: Adding track segment (B.Cu): [(60877500, 110115000), (60877500, 105645000)]
01:09:22: Searching for SW61 module
01:09:22: Setting SW61 module position: (79768750, 110725000)
01:09:22: Searching for D61 module
01:09:22: Setting D61 module position: (84848750, 113755000)
01:09:22: Routing SW61 with D61
01:09:22: switchPadPosition: (82308750, 105645000), diodePadPosition: (84848750, 112655000)
01:09:22: Adding track segment (B.Cu): [(84848750, 112655000), (82308750, 110115000)]
01:09:22: Adding track segment (B.Cu): [(82308750, 110115000), (82308750, 105645000)]
01:09:22: Searching for SW62 module
01:09:22: Setting SW62 module position: (151206250, 110725000)
01:09:22: Searching for D62 module
01:09:22: Setting D62 module position: (156286250, 113755000)
01:09:22: Routing SW62 with D62
01:09:22: switchPadPosition: (153746250, 105645000), diodePadPosition: (156286250, 112655000)
01:09:22: Adding track segment (B.Cu): [(156286250, 112655000), (153746250, 110115000)]
01:09:22: Adding track segment (B.Cu): [(153746250, 110115000), (153746250, 105645000)]
01:09:22: Searching for SW63 module
01:09:22: Setting SW63 module position: (222643750, 110725000)
01:09:22: Searching for D63 module
01:09:22: Setting D63 module position: (227723750, 113755000)
01:09:22: Routing SW63 with D63
01:09:22: switchPadPosition: (225183750, 105645000), diodePadPosition: (227723750, 112655000)
01:09:22: Adding track segment (B.Cu): [(227723750, 112655000), (225183750, 110115000)]
01:09:22: Adding track segment (B.Cu): [(225183750, 110115000), (225183750, 105645000)]
01:09:22: Searching for SW64 module
01:09:22: Setting SW64 module position: (246456250, 110725000)
01:09:22: Searching for D64 module
01:09:22: Setting D64 module position: (251536250, 113755000)
01:09:22: Routing SW64 with D64
01:09:22: switchPadPosition: (248996250, 105645000), diodePadPosition: (251536250, 112655000)
01:09:22: Adding track segment (B.Cu): [(251536250, 112655000), (248996250, 110115000)]
01:09:22: Adding track segment (B.Cu): [(248996250, 110115000), (248996250, 105645000)]
01:09:22: Searching for SW65 module
01:09:22: Setting SW65 module position: (270268750, 110725000)
01:09:22: Searching for D65 module
01:09:22: Setting D65 module position: (275348750, 113755000)
01:09:22: Routing SW65 with D65
01:09:22: switchPadPosition: (272808750, 105645000), diodePadPosition: (275348750, 112655000)
01:09:22: Adding track segment (B.Cu): [(275348750, 112655000), (272808750, 110115000)]
01:09:22: Adding track segment (B.Cu): [(272808750, 110115000), (272808750, 105645000)]
01:09:22: Searching for SW66 module
01:09:22: Setting SW66 module position: (291700000, 110725000)
01:09:22: Searching for D66 module
01:09:22: Setting D66 module position: (296780000, 113755000)
01:09:22: Routing SW66 with D66
01:09:22: switchPadPosition: (294240000, 105645000), diodePadPosition: (296780000, 112655000)
01:09:22: Adding track segment (B.Cu): [(296780000, 112655000), (294240000, 110115000)]
01:09:22: Adding track segment (B.Cu): [(294240000, 110115000), (294240000, 105645000)]
01:09:22: Searching for SW67 module
01:09:22: Setting SW67 module position: (310750000, 110725000)
01:09:22: Searching for D67 module
01:09:22: Setting D67 module position: (315830000, 113755000)
01:09:22: Routing SW67 with D67
01:09:22: switchPadPosition: (313290000, 105645000), diodePadPosition: (315830000, 112655000)
01:09:22: Adding track segment (B.Cu): [(315830000, 112655000), (313290000, 110115000)]
01:09:22: Adding track segment (B.Cu): [(313290000, 110115000), (313290000, 105645000)]
01:09:22: Searching for SW68 module
01:09:22: Setting SW68 module position: (329800000, 110725000)
01:09:22: Searching for D68 module
01:09:22: Setting D68 module position: (334880000, 113755000)
01:09:22: Routing SW68 with D68
01:09:22: switchPadPosition: (332340000, 105645000), diodePadPosition: (334880000, 112655000)
01:09:22: Adding track segment (B.Cu): [(334880000, 112655000), (332340000, 110115000)]
01:09:22: Adding track segment (B.Cu): [(332340000, 110115000), (332340000, 105645000)]
01:09:22: Adding track segment (F.Cu): [(32025000, 30525000), (32025000, 44812500)]
01:09:22: Adding track segment (F.Cu): [(32025000, 44812500), (36787500, 49575000)]
01:09:22: Adding track segment (F.Cu): [(36787500, 49575000), (36787500, 66243750)]
01:09:22: Adding track segment (F.Cu): [(36787500, 66243750), (39168750, 68625000)]
01:09:22: Adding track segment (F.Cu): [(39168750, 68625000), (39168750, 101962500)]
01:09:22: Adding track segment (F.Cu): [(39168750, 101962500), (34406250, 106725000)]
01:09:22: Adding track segment (F.Cu): [(51075000, 30525000), (51075000, 80531250)]
01:09:22: Adding track segment (F.Cu): [(51075000, 80531250), (43931250, 87675000)]
01:09:22: Adding track segment (F.Cu): [(43931250, 87675000), (43931250, 94818750)]
01:09:22: Adding track segment (F.Cu): [(43931250, 94818750), (55837500, 106725000)]
01:09:22: Adding track segment (F.Cu): [(70125000, 30525000), (70125000, 40050000)]
01:09:22: Adding track segment (F.Cu): [(70125000, 40050000), (60600000, 49575000)]
01:09:22: Adding track segment (F.Cu): [(60600000, 49575000), (60600000, 63862500)]
01:09:22: Adding track segment (F.Cu): [(60600000, 63862500), (65362500, 68625000)]
01:09:22: Adding track segment (F.Cu): [(65362500, 68625000), (65362500, 78150000)]
01:09:22: Adding track segment (F.Cu): [(65362500, 78150000), (74887500, 87675000)]
01:09:22: Adding track segment (F.Cu): [(74887500, 87675000), (74887500, 104343750)]
01:09:22: Adding track segment (F.Cu): [(74887500, 104343750), (77268750, 106725000)]
01:09:22: Adding track segment (F.Cu): [(89175000, 30525000), (89175000, 40050000)]
01:09:22: Adding track segment (F.Cu): [(89175000, 40050000), (79650000, 49575000)]
01:09:22: Adding track segment (F.Cu): [(79650000, 49575000), (79650000, 63862500)]
01:09:22: Adding track segment (F.Cu): [(79650000, 63862500), (84412500, 68625000)]
01:09:22: Adding track segment (F.Cu): [(84412500, 68625000), (84412500, 78150000)]
01:09:22: Adding track segment (F.Cu): [(84412500, 78150000), (93937500, 87675000)]
01:09:22: Adding track segment (F.Cu): [(108225000, 30525000), (108225000, 40050000)]
01:09:22: Adding track segment (F.Cu): [(108225000, 40050000), (98700000, 49575000)]
01:09:22: Adding track segment (F.Cu): [(98700000, 49575000), (98700000, 63862500)]
01:09:22: Adding track segment (F.Cu): [(98700000, 63862500), (103462500, 68625000)]
01:09:22: Adding track segment (F.Cu): [(103462500, 68625000), (103462500, 78150000)]
01:09:22: Adding track segment (F.Cu): [(103462500, 78150000), (112987500, 87675000)]
01:09:22: Adding track segment (F.Cu): [(127275000, 30525000), (127275000, 40050000)]
01:09:22: Adding track segment (F.Cu): [(127275000, 40050000), (117750000, 49575000)]
01:09:22: Adding track segment (F.Cu): [(117750000, 49575000), (117750000, 63862500)]
01:09:22: Adding track segment (F.Cu): [(117750000, 63862500), (122512500, 68625000)]
01:09:22: Adding track segment (F.Cu): [(122512500, 68625000), (122512500, 78150000)]
01:09:22: Adding track segment (F.Cu): [(122512500, 78150000), (132037500, 87675000)]
01:09:22: Adding track segment (F.Cu): [(146325000, 30525000), (146325000, 40050000)]
01:09:22: Adding track segment (F.Cu): [(146325000, 40050000), (136800000, 49575000)]
01:09:22: Adding track segment (F.Cu): [(136800000, 49575000), (136800000, 63862500)]
01:09:22: Adding track segment (F.Cu): [(136800000, 63862500), (141562500, 68625000)]
01:09:22: Adding track segment (F.Cu): [(141562500, 68625000), (141562500, 78150000)]
01:09:22: Adding track segment (F.Cu): [(141562500, 78150000), (151087500, 87675000)]
01:09:22: Adding track segment (F.Cu): [(151087500, 87675000), (151087500, 104343750)]
01:09:22: Adding track segment (F.Cu): [(151087500, 104343750), (148706250, 106725000)]
01:09:22: Adding track segment (F.Cu): [(165375000, 30525000), (165375000, 40050000)]
01:09:22: Adding track segment (F.Cu): [(165375000, 40050000), (155850000, 49575000)]
01:09:22: Adding track segment (F.Cu): [(155850000, 49575000), (155850000, 63862500)]
01:09:22: Adding track segment (F.Cu): [(155850000, 63862500), (160612500, 68625000)]
01:09:22: Adding track segment (F.Cu): [(160612500, 68625000), (160612500, 78150000)]
01:09:22: Adding track segment (F.Cu): [(160612500, 78150000), (170137500, 87675000)]
01:09:22: Adding track segment (F.Cu): [(184425000, 30525000), (184425000, 40050000)]
01:09:22: Adding track segment (F.Cu): [(184425000, 40050000), (174900000, 49575000)]
01:09:22: Adding track segment (F.Cu): [(174900000, 49575000), (174900000, 63862500)]
01:09:22: Adding track segment (F.Cu): [(174900000, 63862500), (179662500, 68625000)]
01:09:22: Adding track segment (F.Cu): [(179662500, 68625000), (179662500, 78150000)]
01:09:22: Adding track segment (F.Cu): [(179662500, 78150000), (189187500, 87675000)]
01:09:22: Adding track segment (F.Cu): [(203475000, 30525000), (203475000, 40050000)]
01:09:22: Adding track segment (F.Cu): [(203475000, 40050000), (193950000, 49575000)]
01:09:22: Adding track segment (F.Cu): [(193950000, 49575000), (193950000, 63862500)]
01:09:22: Adding track segment (F.Cu): [(193950000, 63862500), (198712500, 68625000)]
01:09:22: Adding track segment (F.Cu): [(198712500, 68625000), (198712500, 78150000)]
01:09:22: Adding track segment (F.Cu): [(198712500, 78150000), (208237500, 87675000)]
01:09:22: Adding track segment (F.Cu): [(222525000, 30525000), (222525000, 40050000)]
01:09:22: Adding track segment (F.Cu): [(222525000, 40050000), (213000000, 49575000)]
01:09:22: Adding track segment (F.Cu): [(213000000, 49575000), (213000000, 63862500)]
01:09:22: Adding track segment (F.Cu): [(213000000, 63862500), (217762500, 68625000)]
01:09:22: Adding track segment (F.Cu): [(217762500, 68625000), (217762500, 78150000)]
01:09:22: Adding track segment (F.Cu): [(217762500, 78150000), (227287500, 87675000)]
01:09:22: Adding track segment (F.Cu): [(227287500, 87675000), (227287500, 99581250)]
01:09:22: Adding track segment (F.Cu): [(227287500, 99581250), (220143750, 106725000)]
01:09:22: Adding track segment (F.Cu): [(241575000, 30525000), (241575000, 40050000)]
01:09:22: Adding track segment (F.Cu): [(241575000, 40050000), (232050000, 49575000)]
01:09:22: Adding track segment (F.Cu): [(232050000, 49575000), (232050000, 63862500)]
01:09:22: Adding track segment (F.Cu): [(232050000, 63862500), (236812500, 68625000)]
01:09:22: Adding track segment (F.Cu): [(236812500, 68625000), (236812500, 78150000)]
01:09:22: Adding track segment (F.Cu): [(236812500, 78150000), (246337500, 87675000)]
01:09:22: Adding track segment (F.Cu): [(246337500, 87675000), (246337500, 104343750)]
01:09:22: Adding track segment (F.Cu): [(246337500, 104343750), (243956250, 106725000)]
01:09:22: Adding track segment (F.Cu): [(260625000, 30525000), (260625000, 40050000)]
01:09:22: Adding track segment (F.Cu): [(260625000, 40050000), (251100000, 49575000)]
01:09:22: Adding track segment (F.Cu): [(251100000, 49575000), (251100000, 63862500)]
01:09:22: Adding track segment (F.Cu): [(251100000, 63862500), (255862500, 68625000)]
01:09:22: Adding track segment (F.Cu): [(255862500, 68625000), (255862500, 94818750)]
01:09:22: Adding track segment (F.Cu): [(255862500, 94818750), (267768750, 106725000)]
01:09:22: Adding track segment (F.Cu): [(289200000, 30525000), (289200000, 44812500)]
01:09:22: Adding track segment (F.Cu): [(289200000, 44812500), (293962500, 49575000)]
01:09:22: Adding track segment (F.Cu): [(293962500, 49575000), (293962500, 101962500)]
01:09:22: Adding track segment (F.Cu): [(293962500, 101962500), (289200000, 106725000)]
01:09:22: Adding track segment (F.Cu): [(327300000, 30525000), (327300000, 49575000)]
01:09:22: Adding track segment (F.Cu): [(327300000, 49575000), (327300000, 68625000)]
01:09:22: Adding track segment (F.Cu): [(327300000, 68625000), (327300000, 87675000)]
01:09:22: Adding track segment (F.Cu): [(327300000, 87675000), (327300000, 106725000)]
01:09:22: Adding track segment (F.Cu): [(270150000, 49575000), (270150000, 51956250)]
01:09:22: Adding track segment (F.Cu): [(270150000, 51956250), (286818750, 68625000)]
01:09:22: Adding track segment (F.Cu): [(286818750, 68625000), (286818750, 78150000)]
01:09:22: Adding track segment (F.Cu): [(286818750, 78150000), (277293750, 87675000)]
01:09:22: Adding track segment (F.Cu): [(308250000, 87675000), (308250000, 106725000)]
01:09:22: Adding track segment (B.Cu): [(39605000, 38655000), (58655000, 38655000)]
01:09:22: Adding track segment (B.Cu): [(58655000, 38655000), (77705000, 38655000)]
01:09:22: Adding track segment (B.Cu): [(77705000, 38655000), (96755000, 38655000)]
01:09:22: Adding track segment (B.Cu): [(96755000, 38655000), (115805000, 38655000)]
01:09:22: Adding track segment (B.Cu): [(115805000, 38655000), (134855000, 38655000)]
01:09:22: Adding track segment (B.Cu): [(134855000, 38655000), (153905000, 38655000)]
01:09:22: Adding track segment (B.Cu): [(153905000, 38655000), (172955000, 38655000)]
01:09:22: Adding track segment (B.Cu): [(172955000, 38655000), (192005000, 38655000)]
01:09:22: Adding track segment (B.Cu): [(192005000, 38655000), (211055000, 38655000)]
01:09:22: Adding track segment (B.Cu): [(211055000, 38655000), (230105000, 38655000)]
01:09:22: Adding track segment (B.Cu): [(230105000, 38655000), (249155000, 38655000)]
01:09:22: Adding track segment (B.Cu): [(249155000, 38655000), (268205000, 38655000)]
01:09:22: Adding track segment (B.Cu): [(268205000, 38655000), (296780000, 38655000)]
01:09:22: Adding track segment (B.Cu): [(296780000, 38655000), (334880000, 38655000)]
01:09:22: Adding track segment (B.Cu): [(44367500, 57705000), (68180000, 57705000)]
01:09:22: Adding track segment (B.Cu): [(68180000, 57705000), (87230000, 57705000)]
01:09:22: Adding track segment (B.Cu): [(87230000, 57705000), (106280000, 57705000)]
01:09:22: Adding track segment (B.Cu): [(106280000, 57705000), (125330000, 57705000)]
01:09:22: Adding track segment (B.Cu): [(125330000, 57705000), (144380000, 57705000)]
01:09:22: Adding track segment (B.Cu): [(144380000, 57705000), (163430000, 57705000)]
01:09:22: Adding track segment (B.Cu): [(163430000, 57705000), (182480000, 57705000)]
01:09:22: Adding track segment (B.Cu): [(182480000, 57705000), (201530000, 57705000)]
01:09:22: Adding track segment (B.Cu): [(201530000, 57705000), (220580000, 57705000)]
01:09:22: Adding track segment (B.Cu): [(220580000, 57705000), (239630000, 57705000)]
01:09:22: Adding track segment (B.Cu): [(239630000, 57705000), (258680000, 57705000)]
01:09:22: Adding track segment (B.Cu): [(258680000, 57705000), (277730000, 57705000)]
01:09:22: Adding track segment (B.Cu): [(277730000, 57705000), (301542500, 57705000)]
01:09:22: Adding track segment (B.Cu): [(301542500, 57705000), (334880000, 57705000)]
01:09:22: Adding track segment (B.Cu): [(46748750, 76755000), (72942500, 76755000)]
01:09:22: Adding track segment (B.Cu): [(72942500, 76755000), (91992500, 76755000)]
01:09:22: Adding track segment (B.Cu): [(91992500, 76755000), (111042500, 76755000)]
01:09:22: Adding track segment (B.Cu): [(111042500, 76755000), (130092500, 76755000)]
01:09:22: Adding track segment (B.Cu): [(130092500, 76755000), (149142500, 76755000)]
01:09:22: Adding track segment (B.Cu): [(149142500, 76755000), (168192500, 76755000)]
01:09:22: Adding track segment (B.Cu): [(168192500, 76755000), (187242500, 76755000)]
01:09:22: Adding track segment (B.Cu): [(187242500, 76755000), (206292500, 76755000)]
01:09:22: Adding track segment (B.Cu): [(206292500, 76755000), (225342500, 76755000)]
01:09:22: Adding track segment (B.Cu): [(225342500, 76755000), (244392500, 76755000)]
01:09:22: Adding track segment (B.Cu): [(244392500, 76755000), (263442500, 76755000)]
01:09:22: Adding track segment (B.Cu): [(263442500, 76755000), (294398750, 76755000)]
01:09:22: Adding track segment (B.Cu): [(294398750, 76755000), (334880000, 76755000)]
01:09:22: Adding track segment (B.Cu): [(51511250, 95805000), (82467500, 95805000)]
01:09:22: Adding track segment (B.Cu): [(82467500, 95805000), (101517500, 95805000)]
01:09:22: Adding track segment (B.Cu): [(101517500, 95805000), (120567500, 95805000)]
01:09:22: Adding track segment (B.Cu): [(120567500, 95805000), (139617500, 95805000)]
01:09:22: Adding track segment (B.Cu): [(139617500, 95805000), (158667500, 95805000)]
01:09:22: Adding track segment (B.Cu): [(158667500, 95805000), (177717500, 95805000)]
01:09:22: Adding track segment (B.Cu): [(177717500, 95805000), (196767500, 95805000)]
01:09:22: Adding track segment (B.Cu): [(196767500, 95805000), (215817500, 95805000)]
01:09:22: Adding track segment (B.Cu): [(215817500, 95805000), (234867500, 95805000)]
01:09:22: Adding track segment (B.Cu): [(234867500, 95805000), (253917500, 95805000)]
01:09:22: Adding track segment (B.Cu): [(253917500, 95805000), (284873750, 95805000)]
01:09:22: Adding track segment (B.Cu): [(284873750, 95805000), (315830000, 95805000)]
01:09:22: Adding track segment (B.Cu): [(315830000, 95805000), (334880000, 95805000)]
01:09:22: Adding track segment (B.Cu): [(41986250, 114855000), (63417500, 114855000)]
01:09:22: Adding track segment (B.Cu): [(63417500, 114855000), (84848750, 114855000)]
01:09:22: Adding track segment (B.Cu): [(84848750, 114855000), (156286250, 114855000)]
01:09:22: Adding track segment (B.Cu): [(156286250, 114855000), (227723750, 114855000)]
01:09:22: Adding track segment (B.Cu): [(227723750, 114855000), (251536250, 114855000)]
01:09:22: Adding track segment (B.Cu): [(251536250, 114855000), (275348750, 114855000)]
01:09:22: Adding track segment (B.Cu): [(275348750, 114855000), (296780000, 114855000)]
01:09:22: Adding track segment (B.Cu): [(296780000, 114855000), (315830000, 114855000)]
01:09:22: Adding track segment (B.Cu): [(315830000, 114855000), (334880000, 114855000)]
